2025-04-01 00:02:32.646 INFO [SpringApplicationShutdownHook] com.zaxxer.hikari.HikariDataSource      :350 [][] HikariPool-1 - Shutdown initiated...
2025-04-01 00:02:32.661 INFO [SpringApplicationShutdownHook] com.zaxxer.hikari.HikariDataSource      :352 [][] HikariPool-1 - Shutdown completed.
2025-04-01 00:02:32.666 INFO [SpringApplicationShutdownHook] c.qcloud.cos.http.DefaultCosHttpClient  :158 [][] shutdown stackTrace:
Class: com.qcloud.cos.http.DefaultCosHttpClient, Method: shutdown, Line: 147
Class: com.qcloud.cos.COSClient, Method: shutdown, Line: 183
Class: com.nano.cat.service.impl.OssServiceImpl, Method: destroy, Line: 64
Class: sun.reflect.NativeMethodAccessorImpl, Method: invoke0, Line: -2
Class: sun.reflect.NativeMethodAccessorImpl, Method: invoke, Line: 62
Class: sun.reflect.DelegatingMethodAccessorImpl, Method: invoke, Line: 43
Class: java.lang.reflect.Method, Method: invoke, Line: 498
Class: org.springframework.beans.factory.annotation.InitDestroyAnnotationBeanPostProcessor$LifecycleElement, Method: invoke, Line: 389
Class: org.springframework.beans.factory.annotation.InitDestroyAnnotationBeanPostProcessor$LifecycleMetadata, Method: invokeDestroyMethods, Line: 347
Class: org.springframework.beans.factory.annotation.InitDestroyAnnotationBeanPostProcessor, Method: postProcessBeforeDestruction, Line: 177
Class: org.springframework.beans.factory.support.DisposableBeanAdapter, Method: destroy, Line: 197
Class: org.springframework.beans.factory.support.DefaultSingletonBeanRegistry, Method: destroyBean, Line: 587
Class: org.springframework.beans.factory.support.DefaultSingletonBeanRegistry, Method: destroySingleton, Line: 559
Class: org.springframework.beans.factory.support.DefaultListableBeanFactory, Method: destroySingleton, Line: 1163
Class: org.springframework.beans.factory.support.DefaultSingletonBeanRegistry, Method: destroySingletons, Line: 520
Class: org.springframework.beans.factory.support.DefaultListableBeanFactory, Method: destroySingletons, Line: 1156
Class: org.springframework.context.support.AbstractApplicationContext, Method: destroyBeans, Line: 1106
Class: org.springframework.context.support.AbstractApplicationContext, Method: doClose, Line: 1075
Class: org.springframework.boot.web.servlet.context.ServletWebServerApplicationContext, Method: doClose, Line: 172
Class: org.springframework.context.support.AbstractApplicationContext, Method: close, Line: 1021
Class: org.springframework.boot.SpringApplicationShutdownHook, Method: closeAndWait, Line: 145
Class: java.lang.Iterable, Method: forEach, Line: 75
Class: org.springframework.boot.SpringApplicationShutdownHook, Method: run, Line: 114
Class: java.lang.Thread, Method: run, Line: 748
2025-04-01 00:02:39.895 INFO [main] com.nano.cat.CatApplication             :55 [][] Starting CatApplication using Java 1.8.0_291 on nano-2.local with PID 39327 (/Users/nano/nano/cat/cat-start/target/classes started by nano in /Users/nano/nano/cat)
2025-04-01 00:02:39.899 INFO [background-preinit] o.h.validator.internal.util.Version     :21 [][] HV000001: Hibernate Validator 6.2.5.Final
2025-04-01 00:02:39.899 INFO [main] com.nano.cat.CatApplication             :651 [][] The following 1 profile is active: "dev"
2025-04-01 00:02:41.369 INFO [main] .s.d.r.c.RepositoryConfigurationDelegate:262 [][] Multiple Spring Data modules found, entering strict repository configuration mode
2025-04-01 00:02:41.371 INFO [main] .s.d.r.c.RepositoryConfigurationDelegate:132 [][] Bootstrapping Spring Data JDBC repositories in DEFAULT mode.
2025-04-01 00:02:41.412 INFO [main] .s.d.r.c.RepositoryConfigurationDelegate:201 [][] Finished Spring Data repository scanning in 35 ms. Found 0 JDBC repository interfaces.
2025-04-01 00:02:41.440 INFO [main] .s.d.r.c.RepositoryConfigurationDelegate:262 [][] Multiple Spring Data modules found, entering strict repository configuration mode
2025-04-01 00:02:41.441 INFO [main] .s.d.r.c.RepositoryConfigurationDelegate:132 [][] Bootstrapping Spring Data Redis repositories in DEFAULT mode.
2025-04-01 00:02:41.459 INFO [main] .s.d.r.c.RepositoryConfigurationDelegate:201 [][] Finished Spring Data repository scanning in 12 ms. Found 0 Redis repository interfaces.
2025-04-01 00:02:42.555 INFO [main] o.s.b.w.embedded.tomcat.TomcatWebServer :108 [][] Tomcat initialized with port(s): 8080 (http)
2025-04-01 00:02:42.564 INFO [main] o.a.coyote.http11.Http11NioProtocol     :173 [][] Initializing ProtocolHandler ["http-nio-8080"]
2025-04-01 00:02:42.565 INFO [main] o.apache.catalina.core.StandardService  :173 [][] Starting service [Tomcat]
2025-04-01 00:02:42.565 INFO [main] org.apache.catalina.core.StandardEngine :173 [][] Starting Servlet engine: [Apache Tomcat/9.0.68]
2025-04-01 00:02:42.853 INFO [main] o.a.c.c.C.[Tomcat].[localhost].[/api]   :173 [][] Initializing Spring embedded WebApplicationContext
2025-04-01 00:02:42.856 INFO [main] w.s.c.ServletWebServerApplicationContext:290 [][] Root WebApplicationContext: initialization completed in 2862 ms
2025-04-01 00:02:45.643 INFO [main] com.zaxxer.hikari.HikariDataSource      :110 [][] HikariPool-1 - Starting...
2025-04-01 00:02:45.806 INFO [main] com.zaxxer.hikari.HikariDataSource      :123 [][] HikariPool-1 - Start completed.
2025-04-01 00:02:46.190 INFO [main] o.a.coyote.http11.Http11NioProtocol     :173 [][] Starting ProtocolHandler ["http-nio-8080"]
2025-04-01 00:02:46.223 INFO [main] o.s.b.w.embedded.tomcat.TomcatWebServer :220 [][] Tomcat started on port(s): 8080 (http) with context path '/api'
2025-04-01 00:02:46.244 INFO [main] com.nano.cat.CatApplication             :61 [][] Started CatApplication in 7.045 seconds (JVM running for 7.608)
2025-04-01 00:02:59.100 INFO [http-nio-8080-exec-2] o.a.c.c.C.[Tomcat].[localhost].[/api]   :173 [][] Initializing Spring DispatcherServlet 'dispatcherServlet'
2025-04-01 00:02:59.101 INFO [http-nio-8080-exec-2] o.s.web.servlet.DispatcherServlet       :525 [][] Initializing Servlet 'dispatcherServlet'
2025-04-01 00:02:59.104 INFO [http-nio-8080-exec-2] o.s.web.servlet.DispatcherServlet       :547 [][] Completed initialization in 3 ms
2025-04-01 00:02:59.368 INFO [http-nio-8080-exec-2] com.nano.cat.web.logic.UserProfileLogic :74 [][] 用户更新请求: {"userId":1,"nickname":"Jack","gender":0,"address":"浙江省宁波市","birthTime":0,"relationShipStatus":0}
2025-04-01 00:02:59.644 INFO [http-nio-8080-exec-2] c.n.c.s.impl.UserProfileServiceImpl     :77 [][] 用户信息更新成功, id: 1
2025-04-01 00:02:59.646 INFO [http-nio-8080-exec-2] com.nano.cat.web.logic.UserProfileLogic :84 [][] 用户更新成功, id: 1, row: 1
2025-04-01 00:03:07.077 INFO [http-nio-8080-exec-3] com.nano.cat.web.logic.UserProfileLogic :74 [][] 用户更新请求: {"userId":1,"nickname":"","gender":0,"address":"浙江省宁波市","birthTime":0,"relationShipStatus":0}
2025-04-01 00:03:07.118 INFO [http-nio-8080-exec-3] c.n.c.s.impl.UserProfileServiceImpl     :77 [][] 用户信息更新成功, id: 1
2025-04-01 00:03:07.119 INFO [http-nio-8080-exec-3] com.nano.cat.web.logic.UserProfileLogic :84 [][] 用户更新成功, id: 1, row: 1
2025-04-01 00:04:07.918 INFO [SpringApplicationShutdownHook] com.zaxxer.hikari.HikariDataSource      :350 [][] HikariPool-1 - Shutdown initiated...
2025-04-01 00:04:07.932 INFO [SpringApplicationShutdownHook] com.zaxxer.hikari.HikariDataSource      :352 [][] HikariPool-1 - Shutdown completed.
2025-04-01 00:04:07.935 INFO [SpringApplicationShutdownHook] c.qcloud.cos.http.DefaultCosHttpClient  :158 [][] shutdown stackTrace:
Class: com.qcloud.cos.http.DefaultCosHttpClient, Method: shutdown, Line: 147
Class: com.qcloud.cos.COSClient, Method: shutdown, Line: 183
Class: com.nano.cat.service.impl.OssServiceImpl, Method: destroy, Line: 64
Class: sun.reflect.NativeMethodAccessorImpl, Method: invoke0, Line: -2
Class: sun.reflect.NativeMethodAccessorImpl, Method: invoke, Line: 62
Class: sun.reflect.DelegatingMethodAccessorImpl, Method: invoke, Line: 43
Class: java.lang.reflect.Method, Method: invoke, Line: 498
Class: org.springframework.beans.factory.annotation.InitDestroyAnnotationBeanPostProcessor$LifecycleElement, Method: invoke, Line: 389
Class: org.springframework.beans.factory.annotation.InitDestroyAnnotationBeanPostProcessor$LifecycleMetadata, Method: invokeDestroyMethods, Line: 347
Class: org.springframework.beans.factory.annotation.InitDestroyAnnotationBeanPostProcessor, Method: postProcessBeforeDestruction, Line: 177
Class: org.springframework.beans.factory.support.DisposableBeanAdapter, Method: destroy, Line: 197
Class: org.springframework.beans.factory.support.DefaultSingletonBeanRegistry, Method: destroyBean, Line: 587
Class: org.springframework.beans.factory.support.DefaultSingletonBeanRegistry, Method: destroySingleton, Line: 559
Class: org.springframework.beans.factory.support.DefaultListableBeanFactory, Method: destroySingleton, Line: 1163
Class: org.springframework.beans.factory.support.DefaultSingletonBeanRegistry, Method: destroySingletons, Line: 520
Class: org.springframework.beans.factory.support.DefaultListableBeanFactory, Method: destroySingletons, Line: 1156
Class: org.springframework.context.support.AbstractApplicationContext, Method: destroyBeans, Line: 1106
Class: org.springframework.context.support.AbstractApplicationContext, Method: doClose, Line: 1075
Class: org.springframework.boot.web.servlet.context.ServletWebServerApplicationContext, Method: doClose, Line: 172
Class: org.springframework.context.support.AbstractApplicationContext, Method: close, Line: 1021
Class: org.springframework.boot.SpringApplicationShutdownHook, Method: closeAndWait, Line: 145
Class: java.lang.Iterable, Method: forEach, Line: 75
Class: org.springframework.boot.SpringApplicationShutdownHook, Method: run, Line: 114
Class: java.lang.Thread, Method: run, Line: 748
2025-04-01 00:04:17.856 INFO [background-preinit] o.h.validator.internal.util.Version     :21 [][] HV000001: Hibernate Validator 6.2.5.Final
2025-04-01 00:04:17.856 INFO [main] com.nano.cat.CatApplication             :55 [][] Starting CatApplication using Java 1.8.0_291 on nano-2.local with PID 39560 (/Users/nano/nano/cat/cat-start/target/classes started by nano in /Users/nano/nano/cat)
2025-04-01 00:04:17.860 INFO [main] com.nano.cat.CatApplication             :651 [][] The following 1 profile is active: "dev"
2025-04-01 00:04:19.330 INFO [main] .s.d.r.c.RepositoryConfigurationDelegate:262 [][] Multiple Spring Data modules found, entering strict repository configuration mode
2025-04-01 00:04:19.333 INFO [main] .s.d.r.c.RepositoryConfigurationDelegate:132 [][] Bootstrapping Spring Data JDBC repositories in DEFAULT mode.
2025-04-01 00:04:19.371 INFO [main] .s.d.r.c.RepositoryConfigurationDelegate:201 [][] Finished Spring Data repository scanning in 33 ms. Found 0 JDBC repository interfaces.
2025-04-01 00:04:19.395 INFO [main] .s.d.r.c.RepositoryConfigurationDelegate:262 [][] Multiple Spring Data modules found, entering strict repository configuration mode
2025-04-01 00:04:19.396 INFO [main] .s.d.r.c.RepositoryConfigurationDelegate:132 [][] Bootstrapping Spring Data Redis repositories in DEFAULT mode.
2025-04-01 00:04:19.414 INFO [main] .s.d.r.c.RepositoryConfigurationDelegate:201 [][] Finished Spring Data repository scanning in 12 ms. Found 0 Redis repository interfaces.
2025-04-01 00:04:20.540 INFO [main] o.s.b.w.embedded.tomcat.TomcatWebServer :108 [][] Tomcat initialized with port(s): 8080 (http)
2025-04-01 00:04:20.561 INFO [main] o.a.coyote.http11.Http11NioProtocol     :173 [][] Initializing ProtocolHandler ["http-nio-8080"]
2025-04-01 00:04:20.562 INFO [main] o.apache.catalina.core.StandardService  :173 [][] Starting service [Tomcat]
2025-04-01 00:04:20.562 INFO [main] org.apache.catalina.core.StandardEngine :173 [][] Starting Servlet engine: [Apache Tomcat/9.0.68]
2025-04-01 00:04:20.809 INFO [main] o.a.c.c.C.[Tomcat].[localhost].[/api]   :173 [][] Initializing Spring embedded WebApplicationContext
2025-04-01 00:04:20.811 INFO [main] w.s.c.ServletWebServerApplicationContext:290 [][] Root WebApplicationContext: initialization completed in 2849 ms
2025-04-01 00:04:27.397 INFO [main] com.zaxxer.hikari.HikariDataSource      :110 [][] HikariPool-1 - Starting...
2025-04-01 00:04:27.985 INFO [main] com.zaxxer.hikari.HikariDataSource      :123 [][] HikariPool-1 - Start completed.
2025-04-01 00:04:29.529 INFO [main] o.a.coyote.http11.Http11NioProtocol     :173 [][] Starting ProtocolHandler ["http-nio-8080"]
2025-04-01 00:04:29.586 INFO [main] o.s.b.w.embedded.tomcat.TomcatWebServer :220 [][] Tomcat started on port(s): 8080 (http) with context path '/api'
2025-04-01 00:04:29.681 INFO [main] com.nano.cat.CatApplication             :61 [][] Started CatApplication in 12.577 seconds (JVM running for 13.242)
2025-04-01 00:04:34.768 INFO [http-nio-8080-exec-1] o.a.c.c.C.[Tomcat].[localhost].[/api]   :173 [][] Initializing Spring DispatcherServlet 'dispatcherServlet'
2025-04-01 00:04:34.769 INFO [http-nio-8080-exec-1] o.s.web.servlet.DispatcherServlet       :525 [][] Initializing Servlet 'dispatcherServlet'
2025-04-01 00:04:34.793 INFO [http-nio-8080-exec-1] o.s.web.servlet.DispatcherServlet       :547 [][] Completed initialization in 24 ms
2025-04-01 00:04:35.374 INFO [http-nio-8080-exec-1] com.nano.cat.web.logic.UserProfileLogic :74 [][] 用户更新请求: {"userId":1,"nickname":"","gender":0,"address":"浙江省宁波市","birthTime":0,"relationShipStatus":0}
2025-04-01 00:04:36.078 INFO [http-nio-8080-exec-1] c.n.c.s.impl.UserProfileServiceImpl     :76 [][] 用户信息更新成功, id: 1
2025-04-01 00:04:36.078 INFO [http-nio-8080-exec-1] com.nano.cat.web.logic.UserProfileLogic :84 [][] 用户更新成功, id: 1, row: 1
2025-04-01 00:05:11.484 INFO [SpringApplicationShutdownHook] com.zaxxer.hikari.HikariDataSource      :350 [][] HikariPool-1 - Shutdown initiated...
2025-04-01 00:05:11.523 INFO [SpringApplicationShutdownHook] com.zaxxer.hikari.HikariDataSource      :352 [][] HikariPool-1 - Shutdown completed.
2025-04-01 00:05:11.527 INFO [SpringApplicationShutdownHook] c.qcloud.cos.http.DefaultCosHttpClient  :158 [][] shutdown stackTrace:
Class: com.qcloud.cos.http.DefaultCosHttpClient, Method: shutdown, Line: 147
Class: com.qcloud.cos.COSClient, Method: shutdown, Line: 183
Class: com.nano.cat.service.impl.OssServiceImpl, Method: destroy, Line: 64
Class: sun.reflect.NativeMethodAccessorImpl, Method: invoke0, Line: -2
Class: sun.reflect.NativeMethodAccessorImpl, Method: invoke, Line: 62
Class: sun.reflect.DelegatingMethodAccessorImpl, Method: invoke, Line: 43
Class: java.lang.reflect.Method, Method: invoke, Line: 498
Class: org.springframework.beans.factory.annotation.InitDestroyAnnotationBeanPostProcessor$LifecycleElement, Method: invoke, Line: 389
Class: org.springframework.beans.factory.annotation.InitDestroyAnnotationBeanPostProcessor$LifecycleMetadata, Method: invokeDestroyMethods, Line: 347
Class: org.springframework.beans.factory.annotation.InitDestroyAnnotationBeanPostProcessor, Method: postProcessBeforeDestruction, Line: 177
Class: org.springframework.beans.factory.support.DisposableBeanAdapter, Method: destroy, Line: 197
Class: org.springframework.beans.factory.support.DefaultSingletonBeanRegistry, Method: destroyBean, Line: 587
Class: org.springframework.beans.factory.support.DefaultSingletonBeanRegistry, Method: destroySingleton, Line: 559
Class: org.springframework.beans.factory.support.DefaultListableBeanFactory, Method: destroySingleton, Line: 1163
Class: org.springframework.beans.factory.support.DefaultSingletonBeanRegistry, Method: destroySingletons, Line: 520
Class: org.springframework.beans.factory.support.DefaultListableBeanFactory, Method: destroySingletons, Line: 1156
Class: org.springframework.context.support.AbstractApplicationContext, Method: destroyBeans, Line: 1106
Class: org.springframework.context.support.AbstractApplicationContext, Method: doClose, Line: 1075
Class: org.springframework.boot.web.servlet.context.ServletWebServerApplicationContext, Method: doClose, Line: 172
Class: org.springframework.context.support.AbstractApplicationContext, Method: close, Line: 1021
Class: org.springframework.boot.SpringApplicationShutdownHook, Method: closeAndWait, Line: 145
Class: java.lang.Iterable, Method: forEach, Line: 75
Class: org.springframework.boot.SpringApplicationShutdownHook, Method: run, Line: 114
Class: java.lang.Thread, Method: run, Line: 748
2025-04-01 00:05:17.916 INFO [main] com.nano.cat.CatApplication             :55 [][] Starting CatApplication using Java 1.8.0_291 on nano-2.local with PID 39695 (/Users/nano/nano/cat/cat-start/target/classes started by nano in /Users/nano/nano/cat)
2025-04-01 00:05:17.920 INFO [background-preinit] o.h.validator.internal.util.Version     :21 [][] HV000001: Hibernate Validator 6.2.5.Final
2025-04-01 00:05:17.924 INFO [main] com.nano.cat.CatApplication             :651 [][] The following 1 profile is active: "dev"
2025-04-01 00:05:19.282 INFO [main] .s.d.r.c.RepositoryConfigurationDelegate:262 [][] Multiple Spring Data modules found, entering strict repository configuration mode
2025-04-01 00:05:19.284 INFO [main] .s.d.r.c.RepositoryConfigurationDelegate:132 [][] Bootstrapping Spring Data JDBC repositories in DEFAULT mode.
2025-04-01 00:05:19.322 INFO [main] .s.d.r.c.RepositoryConfigurationDelegate:201 [][] Finished Spring Data repository scanning in 32 ms. Found 0 JDBC repository interfaces.
2025-04-01 00:05:19.343 INFO [main] .s.d.r.c.RepositoryConfigurationDelegate:262 [][] Multiple Spring Data modules found, entering strict repository configuration mode
2025-04-01 00:05:19.344 INFO [main] .s.d.r.c.RepositoryConfigurationDelegate:132 [][] Bootstrapping Spring Data Redis repositories in DEFAULT mode.
2025-04-01 00:05:19.362 INFO [main] .s.d.r.c.RepositoryConfigurationDelegate:201 [][] Finished Spring Data repository scanning in 13 ms. Found 0 Redis repository interfaces.
2025-04-01 00:05:20.590 INFO [main] o.s.b.w.embedded.tomcat.TomcatWebServer :108 [][] Tomcat initialized with port(s): 8080 (http)
2025-04-01 00:05:20.611 INFO [main] o.a.coyote.http11.Http11NioProtocol     :173 [][] Initializing ProtocolHandler ["http-nio-8080"]
2025-04-01 00:05:20.612 INFO [main] o.apache.catalina.core.StandardService  :173 [][] Starting service [Tomcat]
2025-04-01 00:05:20.612 INFO [main] org.apache.catalina.core.StandardEngine :173 [][] Starting Servlet engine: [Apache Tomcat/9.0.68]
2025-04-01 00:05:20.913 INFO [main] o.a.c.c.C.[Tomcat].[localhost].[/api]   :173 [][] Initializing Spring embedded WebApplicationContext
2025-04-01 00:05:20.915 INFO [main] w.s.c.ServletWebServerApplicationContext:290 [][] Root WebApplicationContext: initialization completed in 2894 ms
2025-04-01 00:05:23.844 INFO [main] com.zaxxer.hikari.HikariDataSource      :110 [][] HikariPool-1 - Starting...
2025-04-01 00:05:24.001 INFO [main] com.zaxxer.hikari.HikariDataSource      :123 [][] HikariPool-1 - Start completed.
2025-04-01 00:05:24.438 INFO [main] o.a.coyote.http11.Http11NioProtocol     :173 [][] Starting ProtocolHandler ["http-nio-8080"]
2025-04-01 00:05:24.468 INFO [main] o.s.b.w.embedded.tomcat.TomcatWebServer :220 [][] Tomcat started on port(s): 8080 (http) with context path '/api'
2025-04-01 00:05:24.491 INFO [main] com.nano.cat.CatApplication             :61 [][] Started CatApplication in 7.261 seconds (JVM running for 7.855)
2025-04-01 00:05:41.794 INFO [http-nio-8080-exec-1] o.a.c.c.C.[Tomcat].[localhost].[/api]   :173 [][] Initializing Spring DispatcherServlet 'dispatcherServlet'
2025-04-01 00:05:41.796 INFO [http-nio-8080-exec-1] o.s.web.servlet.DispatcherServlet       :525 [][] Initializing Servlet 'dispatcherServlet'
2025-04-01 00:05:41.799 INFO [http-nio-8080-exec-1] o.s.web.servlet.DispatcherServlet       :547 [][] Completed initialization in 2 ms
2025-04-01 00:05:41.996 INFO [http-nio-8080-exec-1] com.nano.cat.web.logic.UserProfileLogic :74 [][] 用户更新请求: {"userId":1,"nickname":"","gender":0,"address":"","birthPlace":"北京市","birthTime":0,"relationShipStatus":0}
2025-04-01 00:05:42.276 INFO [http-nio-8080-exec-1] c.n.c.s.impl.UserProfileServiceImpl     :76 [][] 用户信息更新成功, id: 1
2025-04-01 00:05:42.277 INFO [http-nio-8080-exec-1] com.nano.cat.web.logic.UserProfileLogic :84 [][] 用户更新成功, id: 1, row: 1
2025-04-01 00:06:32.817 INFO [SpringApplicationShutdownHook] com.zaxxer.hikari.HikariDataSource      :350 [][] HikariPool-1 - Shutdown initiated...
2025-04-01 00:06:32.834 INFO [SpringApplicationShutdownHook] com.zaxxer.hikari.HikariDataSource      :352 [][] HikariPool-1 - Shutdown completed.
2025-04-01 00:06:32.837 INFO [SpringApplicationShutdownHook] c.qcloud.cos.http.DefaultCosHttpClient  :158 [][] shutdown stackTrace:
Class: com.qcloud.cos.http.DefaultCosHttpClient, Method: shutdown, Line: 147
Class: com.qcloud.cos.COSClient, Method: shutdown, Line: 183
Class: com.nano.cat.service.impl.OssServiceImpl, Method: destroy, Line: 64
Class: sun.reflect.NativeMethodAccessorImpl, Method: invoke0, Line: -2
Class: sun.reflect.NativeMethodAccessorImpl, Method: invoke, Line: 62
Class: sun.reflect.DelegatingMethodAccessorImpl, Method: invoke, Line: 43
Class: java.lang.reflect.Method, Method: invoke, Line: 498
Class: org.springframework.beans.factory.annotation.InitDestroyAnnotationBeanPostProcessor$LifecycleElement, Method: invoke, Line: 389
Class: org.springframework.beans.factory.annotation.InitDestroyAnnotationBeanPostProcessor$LifecycleMetadata, Method: invokeDestroyMethods, Line: 347
Class: org.springframework.beans.factory.annotation.InitDestroyAnnotationBeanPostProcessor, Method: postProcessBeforeDestruction, Line: 177
Class: org.springframework.beans.factory.support.DisposableBeanAdapter, Method: destroy, Line: 197
Class: org.springframework.beans.factory.support.DefaultSingletonBeanRegistry, Method: destroyBean, Line: 587
Class: org.springframework.beans.factory.support.DefaultSingletonBeanRegistry, Method: destroySingleton, Line: 559
Class: org.springframework.beans.factory.support.DefaultListableBeanFactory, Method: destroySingleton, Line: 1163
Class: org.springframework.beans.factory.support.DefaultSingletonBeanRegistry, Method: destroySingletons, Line: 520
Class: org.springframework.beans.factory.support.DefaultListableBeanFactory, Method: destroySingletons, Line: 1156
Class: org.springframework.context.support.AbstractApplicationContext, Method: destroyBeans, Line: 1106
Class: org.springframework.context.support.AbstractApplicationContext, Method: doClose, Line: 1075
Class: org.springframework.boot.web.servlet.context.ServletWebServerApplicationContext, Method: doClose, Line: 172
Class: org.springframework.context.support.AbstractApplicationContext, Method: close, Line: 1021
Class: org.springframework.boot.SpringApplicationShutdownHook, Method: closeAndWait, Line: 145
Class: java.lang.Iterable, Method: forEach, Line: 75
Class: org.springframework.boot.SpringApplicationShutdownHook, Method: run, Line: 114
Class: java.lang.Thread, Method: run, Line: 748
2025-04-01 00:06:35.204 INFO [main] com.nano.cat.CatApplication             :55 [][] Starting CatApplication using Java 1.8.0_291 on nano-2.local with PID 39860 (/Users/nano/nano/cat/cat-start/target/classes started by nano in /Users/nano/nano/cat)
2025-04-01 00:06:35.204 INFO [background-preinit] o.h.validator.internal.util.Version     :21 [][] HV000001: Hibernate Validator 6.2.5.Final
2025-04-01 00:06:35.208 INFO [main] com.nano.cat.CatApplication             :651 [][] The following 1 profile is active: "dev"
2025-04-01 00:06:36.895 INFO [main] .s.d.r.c.RepositoryConfigurationDelegate:262 [][] Multiple Spring Data modules found, entering strict repository configuration mode
2025-04-01 00:06:36.898 INFO [main] .s.d.r.c.RepositoryConfigurationDelegate:132 [][] Bootstrapping Spring Data JDBC repositories in DEFAULT mode.
2025-04-01 00:06:36.937 INFO [main] .s.d.r.c.RepositoryConfigurationDelegate:201 [][] Finished Spring Data repository scanning in 33 ms. Found 0 JDBC repository interfaces.
2025-04-01 00:06:36.965 INFO [main] .s.d.r.c.RepositoryConfigurationDelegate:262 [][] Multiple Spring Data modules found, entering strict repository configuration mode
2025-04-01 00:06:36.966 INFO [main] .s.d.r.c.RepositoryConfigurationDelegate:132 [][] Bootstrapping Spring Data Redis repositories in DEFAULT mode.
2025-04-01 00:06:36.987 INFO [main] .s.d.r.c.RepositoryConfigurationDelegate:201 [][] Finished Spring Data repository scanning in 14 ms. Found 0 Redis repository interfaces.
2025-04-01 00:06:38.397 INFO [main] o.s.b.w.embedded.tomcat.TomcatWebServer :108 [][] Tomcat initialized with port(s): 8080 (http)
2025-04-01 00:06:38.439 INFO [main] o.a.coyote.http11.Http11NioProtocol     :173 [][] Initializing ProtocolHandler ["http-nio-8080"]
2025-04-01 00:06:38.442 INFO [main] o.apache.catalina.core.StandardService  :173 [][] Starting service [Tomcat]
2025-04-01 00:06:38.442 INFO [main] org.apache.catalina.core.StandardEngine :173 [][] Starting Servlet engine: [Apache Tomcat/9.0.68]
2025-04-01 00:06:38.731 INFO [main] o.a.c.c.C.[Tomcat].[localhost].[/api]   :173 [][] Initializing Spring embedded WebApplicationContext
2025-04-01 00:06:38.733 INFO [main] w.s.c.ServletWebServerApplicationContext:290 [][] Root WebApplicationContext: initialization completed in 3357 ms
2025-04-01 00:06:45.766 INFO [main] com.zaxxer.hikari.HikariDataSource      :110 [][] HikariPool-1 - Starting...
2025-04-01 00:06:46.394 INFO [main] com.zaxxer.hikari.HikariDataSource      :123 [][] HikariPool-1 - Start completed.
2025-04-01 00:06:47.947 INFO [main] o.a.coyote.http11.Http11NioProtocol     :173 [][] Starting ProtocolHandler ["http-nio-8080"]
2025-04-01 00:06:48.002 INFO [main] o.s.b.w.embedded.tomcat.TomcatWebServer :220 [][] Tomcat started on port(s): 8080 (http) with context path '/api'
2025-04-01 00:06:48.090 INFO [main] com.nano.cat.CatApplication             :61 [][] Started CatApplication in 13.646 seconds (JVM running for 14.304)
2025-04-01 00:06:49.006 INFO [http-nio-8080-exec-1] o.a.c.c.C.[Tomcat].[localhost].[/api]   :173 [][] Initializing Spring DispatcherServlet 'dispatcherServlet'
2025-04-01 00:06:49.007 INFO [http-nio-8080-exec-1] o.s.web.servlet.DispatcherServlet       :525 [][] Initializing Servlet 'dispatcherServlet'
2025-04-01 00:06:49.028 INFO [http-nio-8080-exec-1] o.s.web.servlet.DispatcherServlet       :547 [][] Completed initialization in 21 ms
2025-04-01 00:06:49.571 INFO [http-nio-8080-exec-1] com.nano.cat.web.logic.UserProfileLogic :74 [][] 用户更新请求: {"userId":1,"nickname":"","gender":0,"address":"","birthPlace":"北京市","birthTime":0,"relationShipStatus":0}
2025-04-01 00:08:05.457 WARN [HikariPool-1 housekeeper] com.zaxxer.hikari.pool.HikariPool       :788 [][] HikariPool-1 - Thread starvation or clock leap detected (housekeeper delta=1m18s953ms).
2025-04-01 00:08:05.457 INFO [http-nio-8080-exec-1] c.n.c.s.impl.UserProfileServiceImpl     :76 [][] 用户信息更新成功, id: 1
2025-04-01 00:08:05.473 INFO [http-nio-8080-exec-1] com.nano.cat.web.logic.UserProfileLogic :84 [][] 用户更新成功, id: 1, row: 1
2025-04-01 00:08:05.996 INFO [SpringApplicationShutdownHook] com.zaxxer.hikari.HikariDataSource      :350 [][] HikariPool-1 - Shutdown initiated...
2025-04-01 00:08:06.006 INFO [SpringApplicationShutdownHook] com.zaxxer.hikari.HikariDataSource      :352 [][] HikariPool-1 - Shutdown completed.
2025-04-01 00:08:06.009 INFO [SpringApplicationShutdownHook] c.qcloud.cos.http.DefaultCosHttpClient  :158 [][] shutdown stackTrace:
Class: com.qcloud.cos.http.DefaultCosHttpClient, Method: shutdown, Line: 147
Class: com.qcloud.cos.COSClient, Method: shutdown, Line: 183
Class: com.nano.cat.service.impl.OssServiceImpl, Method: destroy, Line: 64
Class: sun.reflect.NativeMethodAccessorImpl, Method: invoke0, Line: -2
Class: sun.reflect.NativeMethodAccessorImpl, Method: invoke, Line: 62
Class: sun.reflect.DelegatingMethodAccessorImpl, Method: invoke, Line: 43
Class: java.lang.reflect.Method, Method: invoke, Line: 498
Class: org.springframework.beans.factory.annotation.InitDestroyAnnotationBeanPostProcessor$LifecycleElement, Method: invoke, Line: 389
Class: org.springframework.beans.factory.annotation.InitDestroyAnnotationBeanPostProcessor$LifecycleMetadata, Method: invokeDestroyMethods, Line: 347
Class: org.springframework.beans.factory.annotation.InitDestroyAnnotationBeanPostProcessor, Method: postProcessBeforeDestruction, Line: 177
Class: org.springframework.beans.factory.support.DisposableBeanAdapter, Method: destroy, Line: 197
Class: org.springframework.beans.factory.support.DefaultSingletonBeanRegistry, Method: destroyBean, Line: 587
Class: org.springframework.beans.factory.support.DefaultSingletonBeanRegistry, Method: destroySingleton, Line: 559
Class: org.springframework.beans.factory.support.DefaultListableBeanFactory, Method: destroySingleton, Line: 1163
Class: org.springframework.beans.factory.support.DefaultSingletonBeanRegistry, Method: destroySingletons, Line: 520
Class: org.springframework.beans.factory.support.DefaultListableBeanFactory, Method: destroySingletons, Line: 1156
Class: org.springframework.context.support.AbstractApplicationContext, Method: destroyBeans, Line: 1106
Class: org.springframework.context.support.AbstractApplicationContext, Method: doClose, Line: 1075
Class: org.springframework.boot.web.servlet.context.ServletWebServerApplicationContext, Method: doClose, Line: 172
Class: org.springframework.context.support.AbstractApplicationContext, Method: close, Line: 1021
Class: org.springframework.boot.SpringApplicationShutdownHook, Method: closeAndWait, Line: 145
Class: java.lang.Iterable, Method: forEach, Line: 75
Class: org.springframework.boot.SpringApplicationShutdownHook, Method: run, Line: 114
Class: java.lang.Thread, Method: run, Line: 748
2025-04-01 00:10:04.616 INFO [background-preinit] o.h.validator.internal.util.Version     :21 [][] HV000001: Hibernate Validator 6.2.5.Final
2025-04-01 00:10:04.616 INFO [main] com.nano.cat.CatApplication             :55 [][] Starting CatApplication using Java 1.8.0_291 on nano-2.local with PID 40265 (/Users/nano/nano/cat/cat-start/target/classes started by nano in /Users/nano/nano/cat)
2025-04-01 00:10:04.619 INFO [main] com.nano.cat.CatApplication             :651 [][] The following 1 profile is active: "dev"
2025-04-01 00:10:06.077 INFO [main] .s.d.r.c.RepositoryConfigurationDelegate:262 [][] Multiple Spring Data modules found, entering strict repository configuration mode
2025-04-01 00:10:06.079 INFO [main] .s.d.r.c.RepositoryConfigurationDelegate:132 [][] Bootstrapping Spring Data JDBC repositories in DEFAULT mode.
2025-04-01 00:10:06.117 INFO [main] .s.d.r.c.RepositoryConfigurationDelegate:201 [][] Finished Spring Data repository scanning in 32 ms. Found 0 JDBC repository interfaces.
2025-04-01 00:10:06.142 INFO [main] .s.d.r.c.RepositoryConfigurationDelegate:262 [][] Multiple Spring Data modules found, entering strict repository configuration mode
2025-04-01 00:10:06.143 INFO [main] .s.d.r.c.RepositoryConfigurationDelegate:132 [][] Bootstrapping Spring Data Redis repositories in DEFAULT mode.
2025-04-01 00:10:06.160 INFO [main] .s.d.r.c.RepositoryConfigurationDelegate:201 [][] Finished Spring Data repository scanning in 11 ms. Found 0 Redis repository interfaces.
2025-04-01 00:10:07.314 INFO [main] o.s.b.w.embedded.tomcat.TomcatWebServer :108 [][] Tomcat initialized with port(s): 8080 (http)
2025-04-01 00:10:07.325 INFO [main] o.a.coyote.http11.Http11NioProtocol     :173 [][] Initializing ProtocolHandler ["http-nio-8080"]
2025-04-01 00:10:07.325 INFO [main] o.apache.catalina.core.StandardService  :173 [][] Starting service [Tomcat]
2025-04-01 00:10:07.325 INFO [main] org.apache.catalina.core.StandardEngine :173 [][] Starting Servlet engine: [Apache Tomcat/9.0.68]
2025-04-01 00:10:07.591 INFO [main] o.a.c.c.C.[Tomcat].[localhost].[/api]   :173 [][] Initializing Spring embedded WebApplicationContext
2025-04-01 00:10:07.594 INFO [main] w.s.c.ServletWebServerApplicationContext:290 [][] Root WebApplicationContext: initialization completed in 2876 ms
2025-04-01 00:10:10.531 INFO [main] com.zaxxer.hikari.HikariDataSource      :110 [][] HikariPool-1 - Starting...
2025-04-01 00:10:10.692 INFO [main] com.zaxxer.hikari.HikariDataSource      :123 [][] HikariPool-1 - Start completed.
2025-04-01 00:10:11.028 INFO [main] o.a.coyote.http11.Http11NioProtocol     :173 [][] Starting ProtocolHandler ["http-nio-8080"]
2025-04-01 00:10:11.055 INFO [main] o.s.b.w.embedded.tomcat.TomcatWebServer :220 [][] Tomcat started on port(s): 8080 (http) with context path '/api'
2025-04-01 00:10:11.081 INFO [main] com.nano.cat.CatApplication             :61 [][] Started CatApplication in 7.18 seconds (JVM running for 7.747)
2025-04-01 00:10:20.056 INFO [http-nio-8080-exec-1] o.a.c.c.C.[Tomcat].[localhost].[/api]   :173 [][] Initializing Spring DispatcherServlet 'dispatcherServlet'
2025-04-01 00:10:20.058 INFO [http-nio-8080-exec-1] o.s.web.servlet.DispatcherServlet       :525 [][] Initializing Servlet 'dispatcherServlet'
2025-04-01 00:10:20.060 INFO [http-nio-8080-exec-1] o.s.web.servlet.DispatcherServlet       :547 [][] Completed initialization in 2 ms
2025-04-01 00:10:20.263 INFO [http-nio-8080-exec-1] com.nano.cat.web.logic.UserProfileLogic :74 [][] 用户更新请求: {"userId":1,"nickname":"","gender":0,"address":"","birthPlace":"北京市","birthTime":0,"relationShipStatus":0}
2025-04-01 00:10:20.551 INFO [http-nio-8080-exec-1] c.n.c.s.impl.UserProfileServiceImpl     :76 [][] 用户信息更新成功, id: 1
2025-04-01 00:10:20.553 INFO [http-nio-8080-exec-1] com.nano.cat.web.logic.UserProfileLogic :84 [][] 用户更新成功, id: 1, row: 1
2025-04-01 00:10:37.942 INFO [http-nio-8080-exec-2] com.nano.cat.web.logic.UserProfileLogic :74 [][] 用户更新请求: {"userId":1,"nickname":"Jack","gender":0,"address":"","birthPlace":"北京市","birthTime":0,"relationShipStatus":0}
2025-04-01 00:10:38.004 INFO [http-nio-8080-exec-2] c.n.c.s.impl.UserProfileServiceImpl     :76 [][] 用户信息更新成功, id: 1
2025-04-01 00:10:38.005 INFO [http-nio-8080-exec-2] com.nano.cat.web.logic.UserProfileLogic :84 [][] 用户更新成功, id: 1, row: 1
2025-04-01 00:10:46.921 INFO [http-nio-8080-exec-3] com.nano.cat.web.logic.UserProfileLogic :74 [][] 用户更新请求: {"userId":1,"nickname":"","gender":0,"address":"","birthPlace":"北京市2","birthTime":0,"relationShipStatus":0}
2025-04-01 00:10:46.950 INFO [http-nio-8080-exec-3] c.n.c.s.impl.UserProfileServiceImpl     :76 [][] 用户信息更新成功, id: 1
2025-04-01 00:10:46.952 INFO [http-nio-8080-exec-3] com.nano.cat.web.logic.UserProfileLogic :84 [][] 用户更新成功, id: 1, row: 1
2025-04-01 00:10:47.754 INFO [http-nio-8080-exec-4] com.nano.cat.web.logic.UserProfileLogic :74 [][] 用户更新请求: {"userId":1,"nickname":"","gender":0,"address":"","birthPlace":"北京市2","birthTime":0,"relationShipStatus":0}
2025-04-01 00:10:47.776 INFO [http-nio-8080-exec-4] c.n.c.s.impl.UserProfileServiceImpl     :76 [][] 用户信息更新成功, id: 1
2025-04-01 00:10:47.777 INFO [http-nio-8080-exec-4] com.nano.cat.web.logic.UserProfileLogic :84 [][] 用户更新成功, id: 1, row: 1
2025-04-01 00:10:47.981 INFO [http-nio-8080-exec-5] com.nano.cat.web.logic.UserProfileLogic :74 [][] 用户更新请求: {"userId":1,"nickname":"","gender":0,"address":"","birthPlace":"北京市2","birthTime":0,"relationShipStatus":0}
2025-04-01 00:10:48.004 INFO [http-nio-8080-exec-5] c.n.c.s.impl.UserProfileServiceImpl     :76 [][] 用户信息更新成功, id: 1
2025-04-01 00:10:48.005 INFO [http-nio-8080-exec-5] com.nano.cat.web.logic.UserProfileLogic :84 [][] 用户更新成功, id: 1, row: 1
2025-04-01 00:10:48.196 INFO [http-nio-8080-exec-6] com.nano.cat.web.logic.UserProfileLogic :74 [][] 用户更新请求: {"userId":1,"nickname":"","gender":0,"address":"","birthPlace":"北京市2","birthTime":0,"relationShipStatus":0}
2025-04-01 00:10:48.218 INFO [http-nio-8080-exec-6] c.n.c.s.impl.UserProfileServiceImpl     :76 [][] 用户信息更新成功, id: 1
2025-04-01 00:10:48.219 INFO [http-nio-8080-exec-6] com.nano.cat.web.logic.UserProfileLogic :84 [][] 用户更新成功, id: 1, row: 1
2025-04-01 00:10:56.440 INFO [SpringApplicationShutdownHook] com.zaxxer.hikari.HikariDataSource      :350 [][] HikariPool-1 - Shutdown initiated...
2025-04-01 00:10:56.469 INFO [SpringApplicationShutdownHook] com.zaxxer.hikari.HikariDataSource      :352 [][] HikariPool-1 - Shutdown completed.
2025-04-01 00:10:56.474 INFO [SpringApplicationShutdownHook] c.qcloud.cos.http.DefaultCosHttpClient  :158 [][] shutdown stackTrace:
Class: com.qcloud.cos.http.DefaultCosHttpClient, Method: shutdown, Line: 147
Class: com.qcloud.cos.COSClient, Method: shutdown, Line: 183
Class: com.nano.cat.service.impl.OssServiceImpl, Method: destroy, Line: 64
Class: sun.reflect.NativeMethodAccessorImpl, Method: invoke0, Line: -2
Class: sun.reflect.NativeMethodAccessorImpl, Method: invoke, Line: 62
Class: sun.reflect.DelegatingMethodAccessorImpl, Method: invoke, Line: 43
Class: java.lang.reflect.Method, Method: invoke, Line: 498
Class: org.springframework.beans.factory.annotation.InitDestroyAnnotationBeanPostProcessor$LifecycleElement, Method: invoke, Line: 389
Class: org.springframework.beans.factory.annotation.InitDestroyAnnotationBeanPostProcessor$LifecycleMetadata, Method: invokeDestroyMethods, Line: 347
Class: org.springframework.beans.factory.annotation.InitDestroyAnnotationBeanPostProcessor, Method: postProcessBeforeDestruction, Line: 177
Class: org.springframework.beans.factory.support.DisposableBeanAdapter, Method: destroy, Line: 197
Class: org.springframework.beans.factory.support.DefaultSingletonBeanRegistry, Method: destroyBean, Line: 587
Class: org.springframework.beans.factory.support.DefaultSingletonBeanRegistry, Method: destroySingleton, Line: 559
Class: org.springframework.beans.factory.support.DefaultListableBeanFactory, Method: destroySingleton, Line: 1163
Class: org.springframework.beans.factory.support.DefaultSingletonBeanRegistry, Method: destroySingletons, Line: 520
Class: org.springframework.beans.factory.support.DefaultListableBeanFactory, Method: destroySingletons, Line: 1156
Class: org.springframework.context.support.AbstractApplicationContext, Method: destroyBeans, Line: 1106
Class: org.springframework.context.support.AbstractApplicationContext, Method: doClose, Line: 1075
Class: org.springframework.boot.web.servlet.context.ServletWebServerApplicationContext, Method: doClose, Line: 172
Class: org.springframework.context.support.AbstractApplicationContext, Method: close, Line: 1021
Class: org.springframework.boot.SpringApplicationShutdownHook, Method: closeAndWait, Line: 145
Class: java.lang.Iterable, Method: forEach, Line: 75
Class: org.springframework.boot.SpringApplicationShutdownHook, Method: run, Line: 114
Class: java.lang.Thread, Method: run, Line: 748
