2025-03-29 13:50:19.959 INFO [background-preinit] o.h.validator.internal.util.Version     :21 [][] HV000001: Hibernate Validator 6.2.5.Final
2025-03-29 13:50:19.962 INFO [main] com.nano.cat.CatApplication             :55 [][] Starting CatApplication using Java 1.8.0_291 on nano-2.local with PID 34035 (/Users/nano/nano/cat/cat-start/target/classes started by nano in /Users/nano/nano/cat)
2025-03-29 13:50:19.964 INFO [main] com.nano.cat.CatApplication             :651 [][] The following 1 profile is active: "dev"
2025-03-29 13:50:21.498 INFO [main] .s.d.r.c.RepositoryConfigurationDelegate:262 [][] Multiple Spring Data modules found, entering strict repository configuration mode
2025-03-29 13:50:21.501 INFO [main] .s.d.r.c.RepositoryConfigurationDelegate:132 [][] Bootstrapping Spring Data JDBC repositories in DEFAULT mode.
2025-03-29 13:50:21.539 INFO [main] .s.d.r.c.RepositoryConfigurationDelegate:201 [][] Finished Spring Data repository scanning in 32 ms. Found 0 JDBC repository interfaces.
2025-03-29 13:50:21.565 INFO [main] .s.d.r.c.RepositoryConfigurationDelegate:262 [][] Multiple Spring Data modules found, entering strict repository configuration mode
2025-03-29 13:50:21.566 INFO [main] .s.d.r.c.RepositoryConfigurationDelegate:132 [][] Bootstrapping Spring Data Redis repositories in DEFAULT mode.
2025-03-29 13:50:21.584 INFO [main] .s.d.r.c.RepositoryConfigurationDelegate:201 [][] Finished Spring Data repository scanning in 14 ms. Found 0 Redis repository interfaces.
2025-03-29 13:50:22.661 INFO [main] o.s.b.w.embedded.tomcat.TomcatWebServer :108 [][] Tomcat initialized with port(s): 8080 (http)
2025-03-29 13:50:22.672 INFO [main] o.a.coyote.http11.Http11NioProtocol     :173 [][] Initializing ProtocolHandler ["http-nio-8080"]
2025-03-29 13:50:22.672 INFO [main] o.apache.catalina.core.StandardService  :173 [][] Starting service [Tomcat]
2025-03-29 13:50:22.672 INFO [main] org.apache.catalina.core.StandardEngine :173 [][] Starting Servlet engine: [Apache Tomcat/9.0.68]
2025-03-29 13:50:22.918 INFO [main] o.a.c.c.C.[Tomcat].[localhost].[/api]   :173 [][] Initializing Spring embedded WebApplicationContext
2025-03-29 13:50:22.920 INFO [main] w.s.c.ServletWebServerApplicationContext:290 [][] Root WebApplicationContext: initialization completed in 2845 ms
2025-03-29 13:50:25.702 INFO [main] com.zaxxer.hikari.HikariDataSource      :110 [][] HikariPool-1 - Starting...
2025-03-29 13:50:25.851 INFO [main] com.zaxxer.hikari.HikariDataSource      :123 [][] HikariPool-1 - Start completed.
2025-03-29 13:50:26.152 INFO [main] o.a.coyote.http11.Http11NioProtocol     :173 [][] Starting ProtocolHandler ["http-nio-8080"]
2025-03-29 13:50:26.180 INFO [main] o.s.b.w.embedded.tomcat.TomcatWebServer :220 [][] Tomcat started on port(s): 8080 (http) with context path '/api'
2025-03-29 13:50:26.207 INFO [main] com.nano.cat.CatApplication             :61 [][] Started CatApplication in 7.011 seconds (JVM running for 7.578)
2025-03-29 13:59:44.942 INFO [SpringApplicationShutdownHook] com.zaxxer.hikari.HikariDataSource      :350 [][] HikariPool-1 - Shutdown initiated...
2025-03-29 13:59:44.972 INFO [SpringApplicationShutdownHook] com.zaxxer.hikari.HikariDataSource      :352 [][] HikariPool-1 - Shutdown completed.
2025-03-29 13:59:44.976 INFO [SpringApplicationShutdownHook] c.qcloud.cos.http.DefaultCosHttpClient  :158 [][] shutdown stackTrace:
Class: com.qcloud.cos.http.DefaultCosHttpClient, Method: shutdown, Line: 147
Class: com.qcloud.cos.COSClient, Method: shutdown, Line: 183
Class: com.nano.cat.service.impl.OssServiceImpl, Method: destroy, Line: 64
Class: sun.reflect.NativeMethodAccessorImpl, Method: invoke0, Line: -2
Class: sun.reflect.NativeMethodAccessorImpl, Method: invoke, Line: 62
Class: sun.reflect.DelegatingMethodAccessorImpl, Method: invoke, Line: 43
Class: java.lang.reflect.Method, Method: invoke, Line: 498
Class: org.springframework.beans.factory.annotation.InitDestroyAnnotationBeanPostProcessor$LifecycleElement, Method: invoke, Line: 389
Class: org.springframework.beans.factory.annotation.InitDestroyAnnotationBeanPostProcessor$LifecycleMetadata, Method: invokeDestroyMethods, Line: 347
Class: org.springframework.beans.factory.annotation.InitDestroyAnnotationBeanPostProcessor, Method: postProcessBeforeDestruction, Line: 177
Class: org.springframework.beans.factory.support.DisposableBeanAdapter, Method: destroy, Line: 197
Class: org.springframework.beans.factory.support.DefaultSingletonBeanRegistry, Method: destroyBean, Line: 587
Class: org.springframework.beans.factory.support.DefaultSingletonBeanRegistry, Method: destroySingleton, Line: 559
Class: org.springframework.beans.factory.support.DefaultListableBeanFactory, Method: destroySingleton, Line: 1163
Class: org.springframework.beans.factory.support.DefaultSingletonBeanRegistry, Method: destroySingletons, Line: 520
Class: org.springframework.beans.factory.support.DefaultListableBeanFactory, Method: destroySingletons, Line: 1156
Class: org.springframework.context.support.AbstractApplicationContext, Method: destroyBeans, Line: 1106
Class: org.springframework.context.support.AbstractApplicationContext, Method: doClose, Line: 1075
Class: org.springframework.boot.web.servlet.context.ServletWebServerApplicationContext, Method: doClose, Line: 172
Class: org.springframework.context.support.AbstractApplicationContext, Method: close, Line: 1021
Class: org.springframework.boot.SpringApplicationShutdownHook, Method: closeAndWait, Line: 145
Class: java.lang.Iterable, Method: forEach, Line: 75
Class: org.springframework.boot.SpringApplicationShutdownHook, Method: run, Line: 114
Class: java.lang.Thread, Method: run, Line: 748
2025-03-29 14:09:53.766 INFO [background-preinit] o.h.validator.internal.util.Version     :21 [][] HV000001: Hibernate Validator 6.2.5.Final
2025-03-29 14:09:53.768 INFO [main] com.nano.cat.CatApplication             :55 [][] Starting CatApplication using Java 1.8.0_291 on nano-2.local with PID 37223 (/Users/nano/nano/cat/cat-start/target/classes started by nano in /Users/nano/nano/cat)
2025-03-29 14:09:53.770 INFO [main] com.nano.cat.CatApplication             :651 [][] The following 1 profile is active: "dev"
2025-03-29 14:09:55.115 INFO [main] .s.d.r.c.RepositoryConfigurationDelegate:262 [][] Multiple Spring Data modules found, entering strict repository configuration mode
2025-03-29 14:09:55.118 INFO [main] .s.d.r.c.RepositoryConfigurationDelegate:132 [][] Bootstrapping Spring Data JDBC repositories in DEFAULT mode.
2025-03-29 14:09:55.153 INFO [main] .s.d.r.c.RepositoryConfigurationDelegate:201 [][] Finished Spring Data repository scanning in 30 ms. Found 0 JDBC repository interfaces.
2025-03-29 14:09:55.178 INFO [main] .s.d.r.c.RepositoryConfigurationDelegate:262 [][] Multiple Spring Data modules found, entering strict repository configuration mode
2025-03-29 14:09:55.179 INFO [main] .s.d.r.c.RepositoryConfigurationDelegate:132 [][] Bootstrapping Spring Data Redis repositories in DEFAULT mode.
2025-03-29 14:09:55.195 INFO [main] .s.d.r.c.RepositoryConfigurationDelegate:201 [][] Finished Spring Data repository scanning in 10 ms. Found 0 Redis repository interfaces.
2025-03-29 14:09:56.293 INFO [main] o.s.b.w.embedded.tomcat.TomcatWebServer :108 [][] Tomcat initialized with port(s): 8080 (http)
2025-03-29 14:09:56.307 INFO [main] o.a.coyote.http11.Http11NioProtocol     :173 [][] Initializing ProtocolHandler ["http-nio-8080"]
2025-03-29 14:09:56.307 INFO [main] o.apache.catalina.core.StandardService  :173 [][] Starting service [Tomcat]
2025-03-29 14:09:56.307 INFO [main] org.apache.catalina.core.StandardEngine :173 [][] Starting Servlet engine: [Apache Tomcat/9.0.68]
2025-03-29 14:09:56.600 INFO [main] o.a.c.c.C.[Tomcat].[localhost].[/api]   :173 [][] Initializing Spring embedded WebApplicationContext
2025-03-29 14:09:56.602 INFO [main] w.s.c.ServletWebServerApplicationContext:290 [][] Root WebApplicationContext: initialization completed in 2747 ms
2025-03-29 14:09:59.618 INFO [main] com.zaxxer.hikari.HikariDataSource      :110 [][] HikariPool-1 - Starting...
2025-03-29 14:09:59.792 INFO [main] com.zaxxer.hikari.HikariDataSource      :123 [][] HikariPool-1 - Start completed.
2025-03-29 14:10:00.166 INFO [main] o.a.coyote.http11.Http11NioProtocol     :173 [][] Starting ProtocolHandler ["http-nio-8080"]
2025-03-29 14:10:00.203 INFO [main] o.s.b.w.embedded.tomcat.TomcatWebServer :220 [][] Tomcat started on port(s): 8080 (http) with context path '/api'
2025-03-29 14:10:00.236 INFO [main] com.nano.cat.CatApplication             :61 [][] Started CatApplication in 7.163 seconds (JVM running for 7.764)
2025-03-29 14:10:04.201 INFO [SpringApplicationShutdownHook] com.zaxxer.hikari.HikariDataSource      :350 [][] HikariPool-1 - Shutdown initiated...
2025-03-29 14:10:04.222 INFO [SpringApplicationShutdownHook] com.zaxxer.hikari.HikariDataSource      :352 [][] HikariPool-1 - Shutdown completed.
2025-03-29 14:10:04.225 INFO [SpringApplicationShutdownHook] c.qcloud.cos.http.DefaultCosHttpClient  :158 [][] shutdown stackTrace:
Class: com.qcloud.cos.http.DefaultCosHttpClient, Method: shutdown, Line: 147
Class: com.qcloud.cos.COSClient, Method: shutdown, Line: 183
Class: com.nano.cat.service.impl.OssServiceImpl, Method: destroy, Line: 64
Class: sun.reflect.NativeMethodAccessorImpl, Method: invoke0, Line: -2
Class: sun.reflect.NativeMethodAccessorImpl, Method: invoke, Line: 62
Class: sun.reflect.DelegatingMethodAccessorImpl, Method: invoke, Line: 43
Class: java.lang.reflect.Method, Method: invoke, Line: 498
Class: org.springframework.beans.factory.annotation.InitDestroyAnnotationBeanPostProcessor$LifecycleElement, Method: invoke, Line: 389
Class: org.springframework.beans.factory.annotation.InitDestroyAnnotationBeanPostProcessor$LifecycleMetadata, Method: invokeDestroyMethods, Line: 347
Class: org.springframework.beans.factory.annotation.InitDestroyAnnotationBeanPostProcessor, Method: postProcessBeforeDestruction, Line: 177
Class: org.springframework.beans.factory.support.DisposableBeanAdapter, Method: destroy, Line: 197
Class: org.springframework.beans.factory.support.DefaultSingletonBeanRegistry, Method: destroyBean, Line: 587
Class: org.springframework.beans.factory.support.DefaultSingletonBeanRegistry, Method: destroySingleton, Line: 559
Class: org.springframework.beans.factory.support.DefaultListableBeanFactory, Method: destroySingleton, Line: 1163
Class: org.springframework.beans.factory.support.DefaultSingletonBeanRegistry, Method: destroySingletons, Line: 520
Class: org.springframework.beans.factory.support.DefaultListableBeanFactory, Method: destroySingletons, Line: 1156
Class: org.springframework.context.support.AbstractApplicationContext, Method: destroyBeans, Line: 1106
Class: org.springframework.context.support.AbstractApplicationContext, Method: doClose, Line: 1075
Class: org.springframework.boot.web.servlet.context.ServletWebServerApplicationContext, Method: doClose, Line: 172
Class: org.springframework.context.support.AbstractApplicationContext, Method: close, Line: 1021
Class: org.springframework.boot.SpringApplicationShutdownHook, Method: closeAndWait, Line: 145
Class: java.lang.Iterable, Method: forEach, Line: 75
Class: org.springframework.boot.SpringApplicationShutdownHook, Method: run, Line: 114
Class: java.lang.Thread, Method: run, Line: 748
2025-03-29 14:13:05.155 INFO [background-preinit] o.h.validator.internal.util.Version     :21 [][] HV000001: Hibernate Validator 6.2.5.Final
2025-03-29 14:13:05.154 INFO [main] com.nano.cat.CatApplication             :55 [][] Starting CatApplication using Java 1.8.0_291 on nano-2.local with PID 38100 (/Users/nano/nano/cat/cat-start/target/classes started by nano in /Users/nano/nano/cat)
2025-03-29 14:13:05.159 INFO [main] com.nano.cat.CatApplication             :651 [][] The following 1 profile is active: "dev"
2025-03-29 14:13:06.670 INFO [main] .s.d.r.c.RepositoryConfigurationDelegate:262 [][] Multiple Spring Data modules found, entering strict repository configuration mode
2025-03-29 14:13:06.673 INFO [main] .s.d.r.c.RepositoryConfigurationDelegate:132 [][] Bootstrapping Spring Data JDBC repositories in DEFAULT mode.
2025-03-29 14:13:06.714 INFO [main] .s.d.r.c.RepositoryConfigurationDelegate:201 [][] Finished Spring Data repository scanning in 35 ms. Found 0 JDBC repository interfaces.
2025-03-29 14:13:06.741 INFO [main] .s.d.r.c.RepositoryConfigurationDelegate:262 [][] Multiple Spring Data modules found, entering strict repository configuration mode
2025-03-29 14:13:06.742 INFO [main] .s.d.r.c.RepositoryConfigurationDelegate:132 [][] Bootstrapping Spring Data Redis repositories in DEFAULT mode.
2025-03-29 14:13:06.761 INFO [main] .s.d.r.c.RepositoryConfigurationDelegate:201 [][] Finished Spring Data repository scanning in 12 ms. Found 0 Redis repository interfaces.
2025-03-29 14:13:08.046 INFO [main] o.s.b.w.embedded.tomcat.TomcatWebServer :108 [][] Tomcat initialized with port(s): 8080 (http)
2025-03-29 14:13:08.060 INFO [main] o.a.coyote.http11.Http11NioProtocol     :173 [][] Initializing ProtocolHandler ["http-nio-8080"]
2025-03-29 14:13:08.061 INFO [main] o.apache.catalina.core.StandardService  :173 [][] Starting service [Tomcat]
2025-03-29 14:13:08.061 INFO [main] org.apache.catalina.core.StandardEngine :173 [][] Starting Servlet engine: [Apache Tomcat/9.0.68]
2025-03-29 14:13:08.349 INFO [main] o.a.c.c.C.[Tomcat].[localhost].[/api]   :173 [][] Initializing Spring embedded WebApplicationContext
2025-03-29 14:13:08.351 INFO [main] w.s.c.ServletWebServerApplicationContext:290 [][] Root WebApplicationContext: initialization completed in 3104 ms
2025-03-29 14:13:11.332 INFO [main] com.zaxxer.hikari.HikariDataSource      :110 [][] HikariPool-1 - Starting...
2025-03-29 14:13:11.523 INFO [main] com.zaxxer.hikari.HikariDataSource      :123 [][] HikariPool-1 - Start completed.
2025-03-29 14:13:11.966 INFO [main] o.a.coyote.http11.Http11NioProtocol     :173 [][] Starting ProtocolHandler ["http-nio-8080"]
2025-03-29 14:13:12.005 INFO [main] o.s.b.w.embedded.tomcat.TomcatWebServer :220 [][] Tomcat started on port(s): 8080 (http) with context path '/api'
2025-03-29 14:13:12.027 INFO [main] com.nano.cat.CatApplication             :61 [][] Started CatApplication in 7.622 seconds (JVM running for 8.229)
2025-03-29 14:13:15.387 INFO [SpringApplicationShutdownHook] com.zaxxer.hikari.HikariDataSource      :350 [][] HikariPool-1 - Shutdown initiated...
2025-03-29 14:13:15.425 INFO [SpringApplicationShutdownHook] com.zaxxer.hikari.HikariDataSource      :352 [][] HikariPool-1 - Shutdown completed.
2025-03-29 14:13:15.427 INFO [SpringApplicationShutdownHook] c.qcloud.cos.http.DefaultCosHttpClient  :158 [][] shutdown stackTrace:
Class: com.qcloud.cos.http.DefaultCosHttpClient, Method: shutdown, Line: 147
Class: com.qcloud.cos.COSClient, Method: shutdown, Line: 183
Class: com.nano.cat.service.impl.OssServiceImpl, Method: destroy, Line: 64
Class: sun.reflect.NativeMethodAccessorImpl, Method: invoke0, Line: -2
Class: sun.reflect.NativeMethodAccessorImpl, Method: invoke, Line: 62
Class: sun.reflect.DelegatingMethodAccessorImpl, Method: invoke, Line: 43
Class: java.lang.reflect.Method, Method: invoke, Line: 498
Class: org.springframework.beans.factory.annotation.InitDestroyAnnotationBeanPostProcessor$LifecycleElement, Method: invoke, Line: 389
Class: org.springframework.beans.factory.annotation.InitDestroyAnnotationBeanPostProcessor$LifecycleMetadata, Method: invokeDestroyMethods, Line: 347
Class: org.springframework.beans.factory.annotation.InitDestroyAnnotationBeanPostProcessor, Method: postProcessBeforeDestruction, Line: 177
Class: org.springframework.beans.factory.support.DisposableBeanAdapter, Method: destroy, Line: 197
Class: org.springframework.beans.factory.support.DefaultSingletonBeanRegistry, Method: destroyBean, Line: 587
Class: org.springframework.beans.factory.support.DefaultSingletonBeanRegistry, Method: destroySingleton, Line: 559
Class: org.springframework.beans.factory.support.DefaultListableBeanFactory, Method: destroySingleton, Line: 1163
Class: org.springframework.beans.factory.support.DefaultSingletonBeanRegistry, Method: destroySingletons, Line: 520
Class: org.springframework.beans.factory.support.DefaultListableBeanFactory, Method: destroySingletons, Line: 1156
Class: org.springframework.context.support.AbstractApplicationContext, Method: destroyBeans, Line: 1106
Class: org.springframework.context.support.AbstractApplicationContext, Method: doClose, Line: 1075
Class: org.springframework.boot.web.servlet.context.ServletWebServerApplicationContext, Method: doClose, Line: 172
Class: org.springframework.context.support.AbstractApplicationContext, Method: close, Line: 1021
Class: org.springframework.boot.SpringApplicationShutdownHook, Method: closeAndWait, Line: 145
Class: java.lang.Iterable, Method: forEach, Line: 75
Class: org.springframework.boot.SpringApplicationShutdownHook, Method: run, Line: 114
Class: java.lang.Thread, Method: run, Line: 748
2025-03-29 16:58:18.079 INFO [main] com.nano.cat.CatApplication             :55 [][] Starting CatApplication using Java 1.8.0_291 on nano-2.local with PID 66398 (/Users/nano/nano/cat/cat-start/target/classes started by nano in /Users/nano/nano/cat)
2025-03-29 16:58:18.081 INFO [background-preinit] o.h.validator.internal.util.Version     :21 [][] HV000001: Hibernate Validator 6.2.5.Final
2025-03-29 16:58:18.084 INFO [main] com.nano.cat.CatApplication             :651 [][] The following 1 profile is active: "dev"
2025-03-29 16:58:19.555 INFO [main] .s.d.r.c.RepositoryConfigurationDelegate:262 [][] Multiple Spring Data modules found, entering strict repository configuration mode
2025-03-29 16:58:19.559 INFO [main] .s.d.r.c.RepositoryConfigurationDelegate:132 [][] Bootstrapping Spring Data JDBC repositories in DEFAULT mode.
2025-03-29 16:58:19.594 INFO [main] .s.d.r.c.RepositoryConfigurationDelegate:201 [][] Finished Spring Data repository scanning in 30 ms. Found 0 JDBC repository interfaces.
2025-03-29 16:58:19.626 INFO [main] .s.d.r.c.RepositoryConfigurationDelegate:262 [][] Multiple Spring Data modules found, entering strict repository configuration mode
2025-03-29 16:58:19.627 INFO [main] .s.d.r.c.RepositoryConfigurationDelegate:132 [][] Bootstrapping Spring Data Redis repositories in DEFAULT mode.
2025-03-29 16:58:19.646 INFO [main] .s.d.r.c.RepositoryConfigurationDelegate:201 [][] Finished Spring Data repository scanning in 13 ms. Found 0 Redis repository interfaces.
2025-03-29 16:58:20.737 INFO [main] o.s.b.w.embedded.tomcat.TomcatWebServer :108 [][] Tomcat initialized with port(s): 8080 (http)
2025-03-29 16:58:20.750 INFO [main] o.a.coyote.http11.Http11NioProtocol     :173 [][] Initializing ProtocolHandler ["http-nio-8080"]
2025-03-29 16:58:20.750 INFO [main] o.apache.catalina.core.StandardService  :173 [][] Starting service [Tomcat]
2025-03-29 16:58:20.750 INFO [main] org.apache.catalina.core.StandardEngine :173 [][] Starting Servlet engine: [Apache Tomcat/9.0.68]
2025-03-29 16:58:21.020 INFO [main] o.a.c.c.C.[Tomcat].[localhost].[/api]   :173 [][] Initializing Spring embedded WebApplicationContext
2025-03-29 16:58:21.022 INFO [main] w.s.c.ServletWebServerApplicationContext:290 [][] Root WebApplicationContext: initialization completed in 2829 ms
2025-03-29 16:58:24.041 INFO [main] com.zaxxer.hikari.HikariDataSource      :110 [][] HikariPool-1 - Starting...
2025-03-29 16:58:24.239 INFO [main] com.zaxxer.hikari.HikariDataSource      :123 [][] HikariPool-1 - Start completed.
2025-03-29 16:58:24.734 INFO [main] o.a.coyote.http11.Http11NioProtocol     :173 [][] Starting ProtocolHandler ["http-nio-8080"]
2025-03-29 16:58:24.777 INFO [main] o.s.b.w.embedded.tomcat.TomcatWebServer :220 [][] Tomcat started on port(s): 8080 (http) with context path '/api'
2025-03-29 16:58:24.803 INFO [main] com.nano.cat.CatApplication             :61 [][] Started CatApplication in 7.497 seconds (JVM running for 8.197)
2025-03-29 16:58:26.538 INFO [SpringApplicationShutdownHook] com.zaxxer.hikari.HikariDataSource      :350 [][] HikariPool-1 - Shutdown initiated...
2025-03-29 16:58:26.562 INFO [SpringApplicationShutdownHook] com.zaxxer.hikari.HikariDataSource      :352 [][] HikariPool-1 - Shutdown completed.
2025-03-29 16:58:26.565 INFO [SpringApplicationShutdownHook] c.qcloud.cos.http.DefaultCosHttpClient  :158 [][] shutdown stackTrace:
Class: com.qcloud.cos.http.DefaultCosHttpClient, Method: shutdown, Line: 147
Class: com.qcloud.cos.COSClient, Method: shutdown, Line: 183
Class: com.nano.cat.service.impl.OssServiceImpl, Method: destroy, Line: 64
Class: sun.reflect.NativeMethodAccessorImpl, Method: invoke0, Line: -2
Class: sun.reflect.NativeMethodAccessorImpl, Method: invoke, Line: 62
Class: sun.reflect.DelegatingMethodAccessorImpl, Method: invoke, Line: 43
Class: java.lang.reflect.Method, Method: invoke, Line: 498
Class: org.springframework.beans.factory.annotation.InitDestroyAnnotationBeanPostProcessor$LifecycleElement, Method: invoke, Line: 389
Class: org.springframework.beans.factory.annotation.InitDestroyAnnotationBeanPostProcessor$LifecycleMetadata, Method: invokeDestroyMethods, Line: 347
Class: org.springframework.beans.factory.annotation.InitDestroyAnnotationBeanPostProcessor, Method: postProcessBeforeDestruction, Line: 177
Class: org.springframework.beans.factory.support.DisposableBeanAdapter, Method: destroy, Line: 197
Class: org.springframework.beans.factory.support.DefaultSingletonBeanRegistry, Method: destroyBean, Line: 587
Class: org.springframework.beans.factory.support.DefaultSingletonBeanRegistry, Method: destroySingleton, Line: 559
Class: org.springframework.beans.factory.support.DefaultListableBeanFactory, Method: destroySingleton, Line: 1163
Class: org.springframework.beans.factory.support.DefaultSingletonBeanRegistry, Method: destroySingletons, Line: 520
Class: org.springframework.beans.factory.support.DefaultListableBeanFactory, Method: destroySingletons, Line: 1156
Class: org.springframework.context.support.AbstractApplicationContext, Method: destroyBeans, Line: 1106
Class: org.springframework.context.support.AbstractApplicationContext, Method: doClose, Line: 1075
Class: org.springframework.boot.web.servlet.context.ServletWebServerApplicationContext, Method: doClose, Line: 172
Class: org.springframework.context.support.AbstractApplicationContext, Method: close, Line: 1021
Class: org.springframework.boot.SpringApplicationShutdownHook, Method: closeAndWait, Line: 145
Class: java.lang.Iterable, Method: forEach, Line: 75
Class: org.springframework.boot.SpringApplicationShutdownHook, Method: run, Line: 114
Class: java.lang.Thread, Method: run, Line: 748
2025-03-29 23:31:19.797 INFO [main] com.nano.cat.CatApplication             :55 [][] Starting CatApplication using Java 1.8.0_291 on nano-2.local with PID 88963 (/Users/nano/nano/cat/cat-start/target/classes started by nano in /Users/nano/nano/cat)
2025-03-29 23:31:19.797 INFO [background-preinit] o.h.validator.internal.util.Version     :21 [][] HV000001: Hibernate Validator 6.2.5.Final
2025-03-29 23:31:19.801 INFO [main] com.nano.cat.CatApplication             :651 [][] The following 1 profile is active: "dev"
2025-03-29 23:31:21.160 INFO [main] .s.d.r.c.RepositoryConfigurationDelegate:262 [][] Multiple Spring Data modules found, entering strict repository configuration mode
2025-03-29 23:31:21.163 INFO [main] .s.d.r.c.RepositoryConfigurationDelegate:132 [][] Bootstrapping Spring Data JDBC repositories in DEFAULT mode.
2025-03-29 23:31:21.197 INFO [main] .s.d.r.c.RepositoryConfigurationDelegate:201 [][] Finished Spring Data repository scanning in 29 ms. Found 0 JDBC repository interfaces.
2025-03-29 23:31:21.221 INFO [main] .s.d.r.c.RepositoryConfigurationDelegate:262 [][] Multiple Spring Data modules found, entering strict repository configuration mode
2025-03-29 23:31:21.222 INFO [main] .s.d.r.c.RepositoryConfigurationDelegate:132 [][] Bootstrapping Spring Data Redis repositories in DEFAULT mode.
2025-03-29 23:31:21.243 INFO [main] .s.d.r.c.RepositoryConfigurationDelegate:201 [][] Finished Spring Data repository scanning in 15 ms. Found 0 Redis repository interfaces.
2025-03-29 23:31:22.322 INFO [main] o.s.b.w.embedded.tomcat.TomcatWebServer :108 [][] Tomcat initialized with port(s): 8080 (http)
2025-03-29 23:31:22.336 INFO [main] o.a.coyote.http11.Http11NioProtocol     :173 [][] Initializing ProtocolHandler ["http-nio-8080"]
2025-03-29 23:31:22.336 INFO [main] o.apache.catalina.core.StandardService  :173 [][] Starting service [Tomcat]
2025-03-29 23:31:22.336 INFO [main] org.apache.catalina.core.StandardEngine :173 [][] Starting Servlet engine: [Apache Tomcat/9.0.68]
2025-03-29 23:31:22.583 INFO [main] o.a.c.c.C.[Tomcat].[localhost].[/api]   :173 [][] Initializing Spring embedded WebApplicationContext
2025-03-29 23:31:22.586 INFO [main] w.s.c.ServletWebServerApplicationContext:290 [][] Root WebApplicationContext: initialization completed in 2699 ms
2025-03-29 23:31:25.432 INFO [main] com.zaxxer.hikari.HikariDataSource      :110 [][] HikariPool-1 - Starting...
2025-03-29 23:31:25.603 INFO [main] com.zaxxer.hikari.HikariDataSource      :123 [][] HikariPool-1 - Start completed.
2025-03-29 23:31:25.938 INFO [main] o.a.coyote.http11.Http11NioProtocol     :173 [][] Starting ProtocolHandler ["http-nio-8080"]
2025-03-29 23:31:25.967 INFO [main] o.s.b.w.embedded.tomcat.TomcatWebServer :220 [][] Tomcat started on port(s): 8080 (http) with context path '/api'
2025-03-29 23:31:25.988 INFO [main] com.nano.cat.CatApplication             :61 [][] Started CatApplication in 6.883 seconds (JVM running for 7.451)
2025-03-29 23:43:42.925 INFO [SpringApplicationShutdownHook] com.zaxxer.hikari.HikariDataSource      :350 [][] HikariPool-1 - Shutdown initiated...
2025-03-29 23:43:42.941 INFO [SpringApplicationShutdownHook] com.zaxxer.hikari.HikariDataSource      :352 [][] HikariPool-1 - Shutdown completed.
2025-03-29 23:43:42.945 INFO [SpringApplicationShutdownHook] c.qcloud.cos.http.DefaultCosHttpClient  :158 [][] shutdown stackTrace:
Class: com.qcloud.cos.http.DefaultCosHttpClient, Method: shutdown, Line: 147
Class: com.qcloud.cos.COSClient, Method: shutdown, Line: 183
Class: com.nano.cat.service.impl.OssServiceImpl, Method: destroy, Line: 64
Class: sun.reflect.NativeMethodAccessorImpl, Method: invoke0, Line: -2
Class: sun.reflect.NativeMethodAccessorImpl, Method: invoke, Line: 62
Class: sun.reflect.DelegatingMethodAccessorImpl, Method: invoke, Line: 43
Class: java.lang.reflect.Method, Method: invoke, Line: 498
Class: org.springframework.beans.factory.annotation.InitDestroyAnnotationBeanPostProcessor$LifecycleElement, Method: invoke, Line: 389
Class: org.springframework.beans.factory.annotation.InitDestroyAnnotationBeanPostProcessor$LifecycleMetadata, Method: invokeDestroyMethods, Line: 347
Class: org.springframework.beans.factory.annotation.InitDestroyAnnotationBeanPostProcessor, Method: postProcessBeforeDestruction, Line: 177
Class: org.springframework.beans.factory.support.DisposableBeanAdapter, Method: destroy, Line: 197
Class: org.springframework.beans.factory.support.DefaultSingletonBeanRegistry, Method: destroyBean, Line: 587
Class: org.springframework.beans.factory.support.DefaultSingletonBeanRegistry, Method: destroySingleton, Line: 559
Class: org.springframework.beans.factory.support.DefaultListableBeanFactory, Method: destroySingleton, Line: 1163
Class: org.springframework.beans.factory.support.DefaultSingletonBeanRegistry, Method: destroySingletons, Line: 520
Class: org.springframework.beans.factory.support.DefaultListableBeanFactory, Method: destroySingletons, Line: 1156
Class: org.springframework.context.support.AbstractApplicationContext, Method: destroyBeans, Line: 1106
Class: org.springframework.context.support.AbstractApplicationContext, Method: doClose, Line: 1075
Class: org.springframework.boot.web.servlet.context.ServletWebServerApplicationContext, Method: doClose, Line: 172
Class: org.springframework.context.support.AbstractApplicationContext, Method: close, Line: 1021
Class: org.springframework.boot.SpringApplicationShutdownHook, Method: closeAndWait, Line: 145
Class: java.lang.Iterable, Method: forEach, Line: 75
Class: org.springframework.boot.SpringApplicationShutdownHook, Method: run, Line: 114
Class: java.lang.Thread, Method: run, Line: 748
